Build started 8/26/2015 4:53:01 PM.
     1>Project "Z:\Prog Year 1\Students\Eric Mouledoux\MathLibrary\MathLibrary\MathLibrary.vcxproj" on node 2 (Build target(s)).
     1>ClCompile:
         C:\Program Files (x86)\Microsoft Visual Studio 14.0\VC\bin\CL.exe /c /ZI /nologo /W3 /WX- /sdl /Od /Oy- /D _MBCS /Gm /EHsc /RTC1 /MDd /GS /fp:precise /Zc:wchar_t /Zc:forScope /Zc:inline /Fo"Debug\\" /Fd"Debug\vc140.pdb" /Gd /TP /analyze- /errorReport:prompt Matrix3.cpp Matrix4.cpp Source.cpp Vector2.cpp Vector3.cpp Vector4.cpp
         Vector4.cpp
         Vector3.cpp
         Vector2.cpp
         Source.cpp
         Matrix4.cpp
         Matrix3.cpp
         Generating Code...
     1>z:\prog year 1\students\eric mouledoux\mathlibrary\mathlibrary\matrix3.cpp(63): warning C4172: returning address of local variable or temporary
     1>z:\prog year 1\students\eric mouledoux\mathlibrary\mathlibrary\matrix4.cpp(77): warning C4172: returning address of local variable or temporary
     1>z:\prog year 1\students\eric mouledoux\mathlibrary\mathlibrary\vector2.cpp(32): warning C4172: returning address of local variable or temporary
     1>z:\prog year 1\students\eric mouledoux\mathlibrary\mathlibrary\vector2.cpp(40): warning C4172: returning address of local variable or temporary
     1>z:\prog year 1\students\eric mouledoux\mathlibrary\mathlibrary\vector2.cpp(44): warning C4172: returning address of local variable or temporary
     1>z:\prog year 1\students\eric mouledoux\mathlibrary\mathlibrary\vector2.cpp(36): warning C4172: returning address of local variable or temporary
     1>z:\prog year 1\students\eric mouledoux\mathlibrary\mathlibrary\vector2.cpp(49): warning C4172: returning address of local variable or temporary
     1>z:\prog year 1\students\eric mouledoux\mathlibrary\mathlibrary\vector3.cpp(32): warning C4172: returning address of local variable or temporary
     1>z:\prog year 1\students\eric mouledoux\mathlibrary\mathlibrary\vector3.cpp(36): warning C4172: returning address of local variable or temporary
     1>z:\prog year 1\students\eric mouledoux\mathlibrary\mathlibrary\vector3.cpp(44): warning C4172: returning address of local variable or temporary
     1>z:\prog year 1\students\eric mouledoux\mathlibrary\mathlibrary\vector3.cpp(49): warning C4172: returning address of local variable or temporary
     1>z:\prog year 1\students\eric mouledoux\mathlibrary\mathlibrary\vector3.cpp(40): warning C4172: returning address of local variable or temporary
     1>z:\prog year 1\students\eric mouledoux\mathlibrary\mathlibrary\vector4.cpp(32): warning C4172: returning address of local variable or temporary
     1>z:\prog year 1\students\eric mouledoux\mathlibrary\mathlibrary\vector4.cpp(40): warning C4172: returning address of local variable or temporary
     1>z:\prog year 1\students\eric mouledoux\mathlibrary\mathlibrary\vector4.cpp(44): warning C4172: returning address of local variable or temporary
     1>z:\prog year 1\students\eric mouledoux\mathlibrary\mathlibrary\vector4.cpp(36): warning C4172: returning address of local variable or temporary
     1>z:\prog year 1\students\eric mouledoux\mathlibrary\mathlibrary\vector4.cpp(49): warning C4172: returning address of local variable or temporary
       Link:
         C:\Program Files (x86)\Microsoft Visual Studio 14.0\VC\bin\link.exe /ERRORREPORT:PROMPT /OUT:"Z:\Prog Year 1\Students\Eric Mouledoux\MathLibrary\Debug\MathLibrary.exe" /INCREMENTAL /NOLOGO kernel32.lib user32.lib gdi32.lib winspool.lib comdlg32.lib advapi32.lib shell32.lib ole32.lib oleaut32.lib uuid.lib odbc32.lib odbccp32.lib /MANIFEST /MANIFESTUAC:"level='asInvoker' uiAccess='false'" /manifest:embed /Debug /PDB:"Z:\Prog Year 1\Students\Eric Mouledoux\MathLibrary\Debug\MathLibrary.pdb" /TLBID:1 /DYNAMICBASE /NXCOMPAT /IMPLIB:"Z:\Prog Year 1\Students\Eric Mouledoux\MathLibrary\Debug\MathLibrary.lib" /MACHINE:X86 Debug\Matrix3.obj
         Debug\Matrix4.obj
         Debug\Source.obj
         Debug\Vector2.obj
         Debug\Vector3.obj
         Debug\Vector4.obj
     1>LINK : fatal error LNK1561: entry point must be defined
     1>Done Building Project "Z:\Prog Year 1\Students\Eric Mouledoux\MathLibrary\MathLibrary\MathLibrary.vcxproj" (Build target(s)) -- FAILED.

Build FAILED.

Time Elapsed 00:00:02.08
